2023/12/11 08:52:45 [notice] 1#1: using the "epoll" event method
2023/12/11 08:52:45 [notice] 1#1: nginx/1.25.3
2023/12/11 08:52:45 [notice] 1#1: built by gcc 12.2.1 20220924 (Alpine 12.2.1_git20220924-r10) 
2023/12/11 08:52:45 [notice] 1#1: OS: Linux 6.4.16-linuxkit
2023/12/11 08:52:45 [notice] 1#1: getrlimit(RLIMIT_NOFILE): 1048576:1048576
2023/12/11 08:52:45 [notice] 1#1: start worker processes
2023/12/11 08:52:45 [notice] 1#1: start worker process 29
2023/12/11 08:52:45 [notice] 1#1: start worker process 30
2023/12/11 08:52:45 [notice] 1#1: start worker process 31
2023/12/11 08:52:45 [notice] 1#1: start worker process 32
2023/12/11 08:52:45 [notice] 1#1: start worker process 33
2023/12/11 08:52:45 [notice] 1#1: start worker process 34
2023/12/11 08:52:45 [notice] 1#1: start worker process 35
2023/12/11 08:52:45 [notice] 1#1: start worker process 36
2023/12/11 08:52:45 [notice] 1#1: start worker process 37
2023/12/11 08:52:45 [notice] 1#1: start worker process 38
2023/12/11 12:01:31 [notice] 1#1: signal 3 (SIGQUIT) received, shutting down
2023/12/11 12:01:31 [notice] 33#33: gracefully shutting down
2023/12/11 12:01:31 [notice] 29#29: gracefully shutting down
2023/12/11 12:01:31 [notice] 32#32: gracefully shutting down
2023/12/11 12:01:31 [notice] 30#30: gracefully shutting down
2023/12/11 12:01:31 [notice] 31#31: gracefully shutting down
2023/12/11 12:01:31 [notice] 35#35: gracefully shutting down
2023/12/11 12:01:31 [notice] 37#37: gracefully shutting down
2023/12/11 12:01:31 [notice] 38#38: gracefully shutting down
2023/12/11 12:01:31 [notice] 34#34: gracefully shutting down
2023/12/11 12:01:31 [notice] 36#36: gracefully shutting down
2023/12/11 12:01:31 [notice] 33#33: exiting
2023/12/11 12:01:31 [notice] 29#29: exiting
2023/12/11 12:01:31 [notice] 32#32: exiting
2023/12/11 12:01:31 [notice] 30#30: exiting
2023/12/11 12:01:31 [notice] 31#31: exiting
2023/12/11 12:01:31 [notice] 35#35: exiting
2023/12/11 12:01:31 [notice] 37#37: exiting
2023/12/11 12:01:31 [notice] 35#35: exit
2023/12/11 12:01:31 [notice] 38#38: exiting
2023/12/11 12:01:31 [notice] 34#34: exiting
2023/12/11 12:01:31 [notice] 38#38: exit
2023/12/11 12:01:31 [notice] 36#36: exiting
2023/12/11 12:01:31 [notice] 33#33: exit
2023/12/11 12:01:31 [notice] 32#32: exit
2023/12/11 12:01:31 [notice] 29#29: exit
2023/12/11 12:01:31 [notice] 30#30: exit
2023/12/11 12:01:31 [notice] 31#31: exit
2023/12/11 12:01:31 [notice] 37#37: exit
2023/12/11 12:01:31 [notice] 34#34: exit
2023/12/11 12:01:31 [notice] 36#36: exit
2023/12/11 12:01:31 [notice] 1#1: signal 17 (SIGCHLD) received from 32
2023/12/11 12:01:31 [notice] 1#1: worker process 32 exited with code 0
2023/12/11 12:01:31 [notice] 1#1: signal 29 (SIGIO) received
2023/12/11 12:01:31 [notice] 1#1: signal 17 (SIGCHLD) received from 38
2023/12/11 12:01:31 [notice] 1#1: worker process 29 exited with code 0
2023/12/11 12:01:31 [notice] 1#1: worker process 30 exited with code 0
2023/12/11 12:01:31 [notice] 1#1: worker process 33 exited with code 0
2023/12/11 12:01:31 [notice] 1#1: worker process 34 exited with code 0
2023/12/11 12:01:31 [notice] 1#1: worker process 35 exited with code 0
2023/12/11 12:01:31 [notice] 1#1: worker process 36 exited with code 0
2023/12/11 12:01:31 [notice] 1#1: worker process 37 exited with code 0
2023/12/11 12:01:31 [notice] 1#1: worker process 38 exited with code 0
2023/12/11 12:01:31 [notice] 1#1: worker process 31 exited with code 0
2023/12/11 12:01:31 [notice] 1#1: exit
2023/12/11 12:02:55 [notice] 1#1: using the "epoll" event method
2023/12/11 12:02:55 [notice] 1#1: nginx/1.25.3
2023/12/11 12:02:55 [notice] 1#1: built by gcc 12.2.1 20220924 (Alpine 12.2.1_git20220924-r10) 
2023/12/11 12:02:55 [notice] 1#1: OS: Linux 6.4.16-linuxkit
2023/12/11 12:02:55 [notice] 1#1: getrlimit(RLIMIT_NOFILE): 1048576:1048576
2023/12/11 12:02:55 [notice] 1#1: start worker processes
2023/12/11 12:02:55 [notice] 1#1: start worker process 29
2023/12/11 12:02:55 [notice] 1#1: start worker process 30
2023/12/11 12:02:55 [notice] 1#1: start worker process 31
2023/12/11 12:02:55 [notice] 1#1: start worker process 32
2023/12/11 12:02:55 [notice] 1#1: start worker process 33
2023/12/11 12:02:55 [notice] 1#1: start worker process 34
2023/12/11 12:02:55 [notice] 1#1: start worker process 35
2023/12/11 12:02:55 [notice] 1#1: start worker process 36
2023/12/11 12:02:55 [notice] 1#1: start worker process 37
2023/12/11 12:02:55 [notice] 1#1: start worker process 38
2023/12/11 12:07:38 [notice] 1#1: signal 3 (SIGQUIT) received, shutting down
2023/12/11 12:07:38 [notice] 29#29: gracefully shutting down
2023/12/11 12:07:38 [notice] 30#30: gracefully shutting down
2023/12/11 12:07:38 [notice] 30#30: exiting
2023/12/11 12:07:38 [notice] 31#31: gracefully shutting down
2023/12/11 12:07:38 [notice] 32#32: gracefully shutting down
2023/12/11 12:07:38 [notice] 33#33: gracefully shutting down
2023/12/11 12:07:38 [notice] 34#34: gracefully shutting down
2023/12/11 12:07:38 [notice] 37#37: gracefully shutting down
2023/12/11 12:07:38 [notice] 37#37: exiting
2023/12/11 12:07:38 [notice] 35#35: gracefully shutting down
2023/12/11 12:07:38 [notice] 36#36: gracefully shutting down
2023/12/11 12:07:38 [notice] 38#38: gracefully shutting down
2023/12/11 12:07:38 [notice] 29#29: exiting
2023/12/11 12:07:38 [notice] 30#30: exit
2023/12/11 12:07:38 [notice] 31#31: exiting
2023/12/11 12:07:38 [notice] 32#32: exiting
2023/12/11 12:07:38 [notice] 33#33: exiting
2023/12/11 12:07:38 [notice] 34#34: exiting
2023/12/11 12:07:38 [notice] 37#37: exit
2023/12/11 12:07:38 [notice] 35#35: exiting
2023/12/11 12:07:38 [notice] 36#36: exiting
2023/12/11 12:07:38 [notice] 38#38: exiting
2023/12/11 12:07:38 [notice] 36#36: exit
2023/12/11 12:07:38 [notice] 29#29: exit
2023/12/11 12:07:38 [notice] 31#31: exit
2023/12/11 12:07:38 [notice] 32#32: exit
2023/12/11 12:07:38 [notice] 33#33: exit
2023/12/11 12:07:38 [notice] 34#34: exit
2023/12/11 12:07:38 [notice] 35#35: exit
2023/12/11 12:07:38 [notice] 38#38: exit
2023/12/11 12:07:38 [notice] 1#1: signal 17 (SIGCHLD) received from 29
2023/12/11 12:07:38 [notice] 1#1: worker process 29 exited with code 0
2023/12/11 12:07:38 [notice] 1#1: signal 29 (SIGIO) received
2023/12/11 12:07:38 [notice] 1#1: signal 17 (SIGCHLD) received from 30
2023/12/11 12:07:38 [notice] 1#1: worker process 30 exited with code 0
2023/12/11 12:07:38 [notice] 1#1: worker process 35 exited with code 0
2023/12/11 12:07:38 [notice] 1#1: signal 29 (SIGIO) received
2023/12/11 12:07:38 [notice] 1#1: signal 17 (SIGCHLD) received from 35
2023/12/11 12:07:38 [notice] 1#1: signal 17 (SIGCHLD) received from 38
2023/12/11 12:07:38 [notice] 1#1: worker process 31 exited with code 0
2023/12/11 12:07:38 [notice] 1#1: worker process 32 exited with code 0
2023/12/11 12:07:38 [notice] 1#1: worker process 33 exited with code 0
2023/12/11 12:07:38 [notice] 1#1: worker process 34 exited with code 0
2023/12/11 12:07:38 [notice] 1#1: worker process 36 exited with code 0
2023/12/11 12:07:38 [notice] 1#1: worker process 37 exited with code 0
2023/12/11 12:07:38 [notice] 1#1: worker process 38 exited with code 0
2023/12/11 12:07:38 [notice] 1#1: exit
2024/07/31 16:48:16 [notice] 1#1: using the "epoll" event method
2024/07/31 16:48:16 [notice] 1#1: nginx/1.27.0
2024/07/31 16:48:16 [notice] 1#1: built by gcc 13.2.1 20231014 (Alpine 13.2.1_git20231014) 
2024/07/31 16:48:16 [notice] 1#1: OS: Linux 5.15.153.1-microsoft-standard-WSL2
2024/07/31 16:48:16 [notice] 1#1: getrlimit(RLIMIT_NOFILE): 1048576:1048576
2024/07/31 16:48:16 [notice] 1#1: start worker processes
2024/07/31 16:48:16 [notice] 1#1: start worker process 29
2024/07/31 16:48:16 [notice] 1#1: start worker process 30
2024/07/31 16:48:16 [notice] 1#1: start worker process 31
2024/07/31 16:48:16 [notice] 1#1: start worker process 32
2024/07/31 16:48:16 [notice] 1#1: start worker process 33
2024/07/31 16:48:16 [notice] 1#1: start worker process 34
2024/07/31 16:48:16 [notice] 1#1: start worker process 35
2024/07/31 16:48:16 [notice] 1#1: start worker process 36
2024/07/31 17:43:25 [notice] 1#1: signal 3 (SIGQUIT) received, shutting down
2024/07/31 17:43:25 [notice] 29#29: gracefully shutting down
2024/07/31 17:43:25 [notice] 30#30: gracefully shutting down
2024/07/31 17:43:25 [notice] 31#31: gracefully shutting down
2024/07/31 17:43:25 [notice] 32#32: gracefully shutting down
2024/07/31 17:43:25 [notice] 33#33: gracefully shutting down
2024/07/31 17:43:25 [notice] 36#36: gracefully shutting down
2024/07/31 17:43:25 [notice] 35#35: gracefully shutting down
2024/07/31 17:43:25 [notice] 34#34: gracefully shutting down
2024/07/31 17:43:25 [notice] 29#29: exiting
2024/07/31 17:43:25 [notice] 30#30: exiting
2024/07/31 17:43:25 [notice] 31#31: exiting
2024/07/31 17:43:25 [notice] 32#32: exiting
2024/07/31 17:43:25 [notice] 33#33: exiting
2024/07/31 17:43:25 [notice] 36#36: exiting
2024/07/31 17:43:25 [notice] 33#33: exit
2024/07/31 17:43:25 [notice] 35#35: exiting
2024/07/31 17:43:25 [notice] 34#34: exiting
2024/07/31 17:43:25 [notice] 29#29: exit
2024/07/31 17:43:25 [notice] 30#30: exit
2024/07/31 17:43:25 [notice] 31#31: exit
2024/07/31 17:43:25 [notice] 32#32: exit
2024/07/31 17:43:25 [notice] 36#36: exit
2024/07/31 17:43:25 [notice] 35#35: exit
2024/07/31 17:43:25 [notice] 34#34: exit
2024/07/31 17:43:25 [notice] 1#1: signal 17 (SIGCHLD) received from 29
2024/07/31 17:43:25 [notice] 1#1: worker process 29 exited with code 0
2024/07/31 17:43:25 [notice] 1#1: worker process 31 exited with code 0
2024/07/31 17:43:25 [notice] 1#1: signal 29 (SIGIO) received
2024/07/31 17:43:25 [notice] 1#1: signal 17 (SIGCHLD) received from 33
2024/07/31 17:43:25 [notice] 1#1: worker process 30 exited with code 0
2024/07/31 17:43:25 [notice] 1#1: worker process 33 exited with code 0
2024/07/31 17:43:25 [notice] 1#1: worker process 34 exited with code 0
2024/07/31 17:43:25 [notice] 1#1: signal 29 (SIGIO) received
2024/07/31 17:43:25 [notice] 1#1: signal 17 (SIGCHLD) received from 35
2024/07/31 17:43:25 [notice] 1#1: worker process 35 exited with code 0
2024/07/31 17:43:25 [notice] 1#1: signal 29 (SIGIO) received
2024/07/31 17:43:25 [notice] 1#1: signal 17 (SIGCHLD) received from 36
2024/07/31 17:43:25 [notice] 1#1: worker process 36 exited with code 0
2024/07/31 17:43:25 [notice] 1#1: signal 29 (SIGIO) received
2024/07/31 17:43:25 [notice] 1#1: signal 17 (SIGCHLD) received from 32
2024/07/31 17:43:25 [notice] 1#1: worker process 32 exited with code 0
2024/07/31 17:43:25 [notice] 1#1: exit
2024/07/31 17:43:40 [notice] 1#1: using the "epoll" event method
2024/07/31 17:43:40 [notice] 1#1: nginx/1.27.0
2024/07/31 17:43:40 [notice] 1#1: built by gcc 13.2.1 20231014 (Alpine 13.2.1_git20231014) 
2024/07/31 17:43:40 [notice] 1#1: OS: Linux 5.15.153.1-microsoft-standard-WSL2
2024/07/31 17:43:40 [notice] 1#1: getrlimit(RLIMIT_NOFILE): 1048576:1048576
2024/07/31 17:43:40 [notice] 1#1: start worker processes
2024/07/31 17:43:40 [notice] 1#1: start worker process 30
2024/07/31 17:43:40 [notice] 1#1: start worker process 31
2024/07/31 17:43:40 [notice] 1#1: start worker process 32
2024/07/31 17:43:40 [notice] 1#1: start worker process 33
2024/07/31 17:43:40 [notice] 1#1: start worker process 34
2024/07/31 17:43:40 [notice] 1#1: start worker process 35
2024/07/31 17:43:40 [notice] 1#1: start worker process 36
2024/07/31 17:43:40 [notice] 1#1: start worker process 37
2024/08/01 09:25:15 [notice] 1#1: signal 3 (SIGQUIT) received, shutting down
2024/08/01 09:25:15 [notice] 30#30: gracefully shutting down
2024/08/01 09:25:15 [notice] 31#31: gracefully shutting down
2024/08/01 09:25:15 [notice] 32#32: gracefully shutting down
2024/08/01 09:25:15 [notice] 33#33: gracefully shutting down
2024/08/01 09:25:15 [notice] 34#34: gracefully shutting down
2024/08/01 09:25:15 [notice] 36#36: gracefully shutting down
2024/08/01 09:25:15 [notice] 37#37: gracefully shutting down
2024/08/01 09:25:15 [notice] 35#35: gracefully shutting down
2024/08/01 09:25:15 [notice] 30#30: exiting
2024/08/01 09:25:15 [notice] 31#31: exiting
2024/08/01 09:25:15 [notice] 32#32: exiting
2024/08/01 09:25:15 [notice] 33#33: exiting
2024/08/01 09:25:15 [notice] 34#34: exiting
2024/08/01 09:25:15 [notice] 36#36: exiting
2024/08/01 09:25:15 [notice] 37#37: exiting
2024/08/01 09:25:15 [notice] 35#35: exiting
2024/08/01 09:25:15 [notice] 30#30: exit
2024/08/01 09:25:15 [notice] 31#31: exit
2024/08/01 09:25:15 [notice] 32#32: exit
2024/08/01 09:25:15 [notice] 33#33: exit
2024/08/01 09:25:15 [notice] 34#34: exit
2024/08/01 09:25:15 [notice] 36#36: exit
2024/08/01 09:25:15 [notice] 37#37: exit
2024/08/01 09:25:15 [notice] 35#35: exit
2024/08/01 09:25:15 [notice] 1#1: signal 17 (SIGCHLD) received from 33
2024/08/01 09:25:15 [notice] 1#1: worker process 31 exited with code 0
2024/08/01 09:25:15 [notice] 1#1: worker process 33 exited with code 0
2024/08/01 09:25:15 [notice] 1#1: signal 29 (SIGIO) received
2024/08/01 09:25:15 [notice] 1#1: signal 17 (SIGCHLD) received from 31
2024/08/01 09:25:15 [notice] 1#1: signal 17 (SIGCHLD) received from 35
2024/08/01 09:25:15 [notice] 1#1: worker process 30 exited with code 0
2024/08/01 09:25:15 [notice] 1#1: worker process 32 exited with code 0
2024/08/01 09:25:15 [notice] 1#1: worker process 35 exited with code 0
2024/08/01 09:25:15 [notice] 1#1: worker process 36 exited with code 0
2024/08/01 09:25:15 [notice] 1#1: signal 29 (SIGIO) received
2024/08/01 09:25:15 [notice] 1#1: signal 17 (SIGCHLD) received from 30
2024/08/01 09:25:15 [notice] 1#1: signal 17 (SIGCHLD) received from 37
2024/08/01 09:25:15 [notice] 1#1: worker process 34 exited with code 0
2024/08/01 09:25:15 [notice] 1#1: worker process 37 exited with code 0
2024/08/01 09:25:15 [notice] 1#1: exit
2024/08/01 09:36:57 [notice] 1#1: using the "epoll" event method
2024/08/01 09:36:57 [notice] 1#1: nginx/1.27.0
2024/08/01 09:36:57 [notice] 1#1: built by gcc 13.2.1 20231014 (Alpine 13.2.1_git20231014) 
2024/08/01 09:36:57 [notice] 1#1: OS: Linux 5.15.153.1-microsoft-standard-WSL2
2024/08/01 09:36:57 [notice] 1#1: getrlimit(RLIMIT_NOFILE): 1048576:1048576
2024/08/01 09:36:57 [notice] 1#1: start worker processes
2024/08/01 09:36:57 [notice] 1#1: start worker process 29
2024/08/01 09:36:57 [notice] 1#1: start worker process 30
2024/08/01 09:36:57 [notice] 1#1: start worker process 31
2024/08/01 09:36:57 [notice] 1#1: start worker process 32
2024/08/01 09:36:57 [notice] 1#1: start worker process 33
2024/08/01 09:36:57 [notice] 1#1: start worker process 34
2024/08/01 09:36:57 [notice] 1#1: start worker process 35
2024/08/01 09:36:57 [notice] 1#1: start worker process 36
2024/08/01 09:36:59 [notice] 1#1: signal 3 (SIGQUIT) received, shutting down
2024/08/01 09:36:59 [notice] 29#29: gracefully shutting down
2024/08/01 09:36:59 [notice] 30#30: gracefully shutting down
2024/08/01 09:36:59 [notice] 31#31: gracefully shutting down
2024/08/01 09:36:59 [notice] 32#32: gracefully shutting down
2024/08/01 09:36:59 [notice] 33#33: gracefully shutting down
2024/08/01 09:36:59 [notice] 34#34: gracefully shutting down
2024/08/01 09:36:59 [notice] 35#35: gracefully shutting down
2024/08/01 09:36:59 [notice] 36#36: gracefully shutting down
2024/08/01 09:36:59 [notice] 29#29: exiting
2024/08/01 09:36:59 [notice] 30#30: exiting
2024/08/01 09:36:59 [notice] 31#31: exiting
2024/08/01 09:36:59 [notice] 32#32: exiting
2024/08/01 09:36:59 [notice] 33#33: exiting
2024/08/01 09:36:59 [notice] 34#34: exiting
2024/08/01 09:36:59 [notice] 35#35: exiting
2024/08/01 09:36:59 [notice] 36#36: exiting
2024/08/01 09:36:59 [notice] 29#29: exit
2024/08/01 09:36:59 [notice] 30#30: exit
2024/08/01 09:36:59 [notice] 31#31: exit
2024/08/01 09:36:59 [notice] 32#32: exit
2024/08/01 09:36:59 [notice] 33#33: exit
2024/08/01 09:36:59 [notice] 34#34: exit
2024/08/01 09:36:59 [notice] 35#35: exit
2024/08/01 09:36:59 [notice] 36#36: exit
2024/08/01 09:36:59 [notice] 1#1: signal 17 (SIGCHLD) received from 33
2024/08/01 09:36:59 [notice] 1#1: worker process 33 exited with code 0
2024/08/01 09:36:59 [notice] 1#1: signal 29 (SIGIO) received
2024/08/01 09:36:59 [notice] 1#1: signal 17 (SIGCHLD) received from 29
2024/08/01 09:36:59 [notice] 1#1: worker process 29 exited with code 0
2024/08/01 09:36:59 [notice] 1#1: worker process 30 exited with code 0
2024/08/01 09:36:59 [notice] 1#1: worker process 32 exited with code 0
2024/08/01 09:36:59 [notice] 1#1: worker process 36 exited with code 0
2024/08/01 09:36:59 [notice] 1#1: signal 29 (SIGIO) received
2024/08/01 09:36:59 [notice] 1#1: signal 17 (SIGCHLD) received from 31
2024/08/01 09:36:59 [notice] 1#1: worker process 31 exited with code 0
2024/08/01 09:36:59 [notice] 1#1: worker process 34 exited with code 0
2024/08/01 09:36:59 [notice] 1#1: worker process 35 exited with code 0
2024/08/01 09:36:59 [notice] 1#1: exit
2024/08/03 11:48:53 [notice] 1#1: using the "epoll" event method
2024/08/03 11:48:53 [notice] 1#1: nginx/1.27.0
2024/08/03 11:48:53 [notice] 1#1: built by gcc 13.2.1 20231014 (Alpine 13.2.1_git20231014) 
2024/08/03 11:48:53 [notice] 1#1: OS: Linux 5.15.153.1-microsoft-standard-WSL2
2024/08/03 11:48:53 [notice] 1#1: getrlimit(RLIMIT_NOFILE): 1048576:1048576
2024/08/03 11:48:53 [notice] 1#1: start worker processes
2024/08/03 11:48:53 [notice] 1#1: start worker process 29
2024/08/03 11:48:53 [notice] 1#1: start worker process 30
2024/08/03 11:48:53 [notice] 1#1: start worker process 31
2024/08/03 11:48:53 [notice] 1#1: start worker process 32
2024/08/03 11:48:53 [notice] 1#1: start worker process 33
2024/08/03 11:48:53 [notice] 1#1: start worker process 34
2024/08/03 11:48:53 [notice] 1#1: start worker process 35
2024/08/03 11:48:53 [notice] 1#1: start worker process 36
2024/08/03 12:13:19 [notice] 1#1: signal 3 (SIGQUIT) received, shutting down
2024/08/03 12:13:19 [notice] 30#30: gracefully shutting down
2024/08/03 12:13:19 [notice] 30#30: exiting
2024/08/03 12:13:19 [notice] 29#29: gracefully shutting down
2024/08/03 12:13:19 [notice] 29#29: exiting
2024/08/03 12:13:19 [notice] 34#34: gracefully shutting down
2024/08/03 12:13:19 [notice] 31#31: gracefully shutting down
2024/08/03 12:13:19 [notice] 35#35: gracefully shutting down
2024/08/03 12:13:19 [notice] 32#32: gracefully shutting down
2024/08/03 12:13:19 [notice] 36#36: gracefully shutting down
2024/08/03 12:13:19 [notice] 36#36: exiting
2024/08/03 12:13:19 [notice] 33#33: gracefully shutting down
2024/08/03 12:13:19 [notice] 30#30: exit
2024/08/03 12:13:19 [notice] 29#29: exit
2024/08/03 12:13:19 [notice] 34#34: exiting
2024/08/03 12:13:19 [notice] 35#35: exiting
2024/08/03 12:13:19 [notice] 32#32: exiting
2024/08/03 12:13:19 [notice] 36#36: exit
2024/08/03 12:13:19 [notice] 33#33: exiting
2024/08/03 12:13:19 [notice] 34#34: exit
2024/08/03 12:13:19 [notice] 35#35: exit
2024/08/03 12:13:19 [notice] 32#32: exit
2024/08/03 12:13:19 [notice] 33#33: exit
2024/08/03 12:13:19 [notice] 1#1: signal 17 (SIGCHLD) received from 33
2024/08/03 12:13:19 [notice] 1#1: worker process 32 exited with code 0
2024/08/03 12:13:19 [notice] 1#1: worker process 33 exited with code 0
2024/08/03 12:13:19 [notice] 1#1: worker process 36 exited with code 0
2024/08/03 12:13:19 [notice] 1#1: signal 29 (SIGIO) received
2024/08/03 12:13:19 [notice] 1#1: signal 17 (SIGCHLD) received from 35
2024/08/03 12:13:19 [notice] 1#1: worker process 35 exited with code 0
2024/08/03 12:13:19 [notice] 1#1: signal 29 (SIGIO) received
2024/08/03 12:13:19 [notice] 1#1: signal 17 (SIGCHLD) received from 34
2024/08/03 12:13:19 [notice] 1#1: worker process 29 exited with code 0
2024/08/03 12:13:19 [notice] 1#1: worker process 34 exited with code 0
2024/08/03 12:13:19 [notice] 1#1: signal 29 (SIGIO) received
2024/08/03 12:13:19 [notice] 1#1: signal 17 (SIGCHLD) received from 30
2024/08/03 12:13:19 [notice] 1#1: worker process 30 exited with code 0
2024/08/03 12:13:19 [notice] 1#1: signal 29 (SIGIO) received
2024/08/03 12:17:51 [notice] 1#1: using the "epoll" event method
2024/08/03 12:17:51 [notice] 1#1: nginx/1.27.0
2024/08/03 12:17:51 [notice] 1#1: built by gcc 13.2.1 20231014 (Alpine 13.2.1_git20231014) 
2024/08/03 12:17:51 [notice] 1#1: OS: Linux 5.15.153.1-microsoft-standard-WSL2
2024/08/03 12:17:51 [notice] 1#1: getrlimit(RLIMIT_NOFILE): 1048576:1048576
2024/08/03 12:17:51 [notice] 1#1: start worker processes
2024/08/03 12:17:51 [notice] 1#1: start worker process 29
2024/08/03 12:17:51 [notice] 1#1: start worker process 30
2024/08/03 12:17:51 [notice] 1#1: start worker process 31
2024/08/03 12:17:51 [notice] 1#1: start worker process 32
2024/08/03 12:17:51 [notice] 1#1: start worker process 33
2024/08/03 12:17:51 [notice] 1#1: start worker process 34
2024/08/03 12:17:51 [notice] 1#1: start worker process 35
2024/08/03 12:17:51 [notice] 1#1: start worker process 36
2024/08/03 13:18:48 [notice] 1#1: signal 3 (SIGQUIT) received, shutting down
2024/08/03 13:18:48 [notice] 29#29: gracefully shutting down
2024/08/03 13:18:48 [notice] 30#30: gracefully shutting down
2024/08/03 13:18:48 [notice] 31#31: gracefully shutting down
2024/08/03 13:18:48 [notice] 33#33: gracefully shutting down
2024/08/03 13:18:48 [notice] 32#32: gracefully shutting down
2024/08/03 13:18:48 [notice] 34#34: gracefully shutting down
2024/08/03 13:18:48 [notice] 35#35: gracefully shutting down
2024/08/03 13:18:48 [notice] 36#36: gracefully shutting down
2024/08/03 13:18:48 [notice] 29#29: exiting
2024/08/03 13:18:48 [notice] 30#30: exiting
2024/08/03 13:18:48 [notice] 31#31: exiting
2024/08/03 13:18:48 [notice] 33#33: exiting
2024/08/03 13:18:48 [notice] 32#32: exiting
2024/08/03 13:18:48 [notice] 34#34: exiting
2024/08/03 13:18:48 [notice] 35#35: exiting
2024/08/03 13:18:48 [notice] 36#36: exiting
2024/08/03 13:18:48 [notice] 29#29: exit
2024/08/03 13:18:48 [notice] 30#30: exit
2024/08/03 13:18:48 [notice] 31#31: exit
2024/08/03 13:18:48 [notice] 33#33: exit
2024/08/03 13:18:48 [notice] 32#32: exit
2024/08/03 13:18:48 [notice] 34#34: exit
2024/08/03 13:18:48 [notice] 35#35: exit
2024/08/03 13:18:48 [notice] 36#36: exit
2024/08/03 13:18:48 [notice] 1#1: signal 17 (SIGCHLD) received from 33
2024/08/03 13:18:48 [notice] 1#1: worker process 33 exited with code 0
2024/08/03 13:18:48 [notice] 1#1: signal 29 (SIGIO) received
2024/08/03 13:18:48 [notice] 1#1: signal 17 (SIGCHLD) received from 29
2024/08/03 13:18:48 [notice] 1#1: worker process 29 exited with code 0
2024/08/03 13:18:48 [notice] 1#1: worker process 31 exited with code 0
2024/08/03 13:18:48 [notice] 1#1: worker process 36 exited with code 0
2024/08/03 13:18:48 [notice] 1#1: signal 29 (SIGIO) received
2024/08/03 13:18:48 [notice] 1#1: signal 17 (SIGCHLD) received from 36
2024/08/03 13:18:48 [notice] 1#1: signal 17 (SIGCHLD) received from 30
2024/08/03 13:18:48 [notice] 1#1: worker process 30 exited with code 0
2024/08/03 13:18:48 [notice] 1#1: worker process 35 exited with code 0
2024/08/03 13:18:48 [notice] 1#1: signal 29 (SIGIO) received
2024/08/03 13:18:48 [notice] 1#1: signal 17 (SIGCHLD) received from 32
2024/08/03 13:18:48 [notice] 1#1: worker process 32 exited with code 0
2024/08/03 13:18:48 [notice] 1#1: worker process 34 exited with code 0
2024/08/03 13:18:48 [notice] 1#1: exit
2024/08/04 09:54:08 [notice] 1#1: using the "epoll" event method
2024/08/04 09:54:08 [notice] 1#1: nginx/1.27.0
2024/08/04 09:54:08 [notice] 1#1: built by gcc 13.2.1 20231014 (Alpine 13.2.1_git20231014) 
2024/08/04 09:54:08 [notice] 1#1: OS: Linux 5.15.153.1-microsoft-standard-WSL2
2024/08/04 09:54:08 [notice] 1#1: getrlimit(RLIMIT_NOFILE): 1048576:1048576
2024/08/04 09:54:08 [notice] 1#1: start worker processes
2024/08/04 09:54:08 [notice] 1#1: start worker process 29
2024/08/04 09:54:08 [notice] 1#1: start worker process 30
2024/08/04 09:54:08 [notice] 1#1: start worker process 31
2024/08/04 09:54:08 [notice] 1#1: start worker process 32
2024/08/04 09:54:08 [notice] 1#1: start worker process 33
2024/08/04 09:54:08 [notice] 1#1: start worker process 34
2024/08/04 09:54:08 [notice] 1#1: start worker process 35
2024/08/04 09:54:08 [notice] 1#1: start worker process 36
2024/08/04 10:19:33 [notice] 1#1: using the "epoll" event method
2024/08/04 10:19:33 [notice] 1#1: nginx/1.27.0
2024/08/04 10:19:33 [notice] 1#1: built by gcc 13.2.1 20231014 (Alpine 13.2.1_git20231014) 
2024/08/04 10:19:33 [notice] 1#1: OS: Linux 5.15.153.1-microsoft-standard-WSL2
2024/08/04 10:19:33 [notice] 1#1: getrlimit(RLIMIT_NOFILE): 1048576:1048576
2024/08/04 10:19:33 [notice] 1#1: start worker processes
2024/08/04 10:19:33 [notice] 1#1: start worker process 29
2024/08/04 10:19:33 [notice] 1#1: start worker process 30
2024/08/04 10:19:33 [notice] 1#1: start worker process 31
2024/08/04 10:19:33 [notice] 1#1: start worker process 32
2024/08/04 10:19:33 [notice] 1#1: start worker process 33
2024/08/04 10:19:33 [notice] 1#1: start worker process 34
2024/08/04 10:19:33 [notice] 1#1: start worker process 35
2024/08/04 10:19:33 [notice] 1#1: start worker process 36
2024/08/04 10:22:56 [notice] 1#1: using the "epoll" event method
2024/08/04 10:22:56 [notice] 1#1: nginx/1.27.0
2024/08/04 10:22:56 [notice] 1#1: built by gcc 13.2.1 20231014 (Alpine 13.2.1_git20231014) 
2024/08/04 10:22:56 [notice] 1#1: OS: Linux 5.15.153.1-microsoft-standard-WSL2
2024/08/04 10:22:56 [notice] 1#1: getrlimit(RLIMIT_NOFILE): 1048576:1048576
2024/08/04 10:22:56 [notice] 1#1: start worker processes
2024/08/04 10:22:56 [notice] 1#1: start worker process 29
2024/08/04 10:22:56 [notice] 1#1: start worker process 30
2024/08/04 10:22:56 [notice] 1#1: start worker process 31
2024/08/04 10:22:56 [notice] 1#1: start worker process 32
2024/08/04 10:22:56 [notice] 1#1: start worker process 33
2024/08/04 10:22:56 [notice] 1#1: start worker process 34
2024/08/04 10:22:56 [notice] 1#1: start worker process 35
2024/08/04 10:22:56 [notice] 1#1: start worker process 36
2024/08/04 11:26:04 [notice] 1#1: signal 3 (SIGQUIT) received, shutting down
2024/08/04 11:26:04 [notice] 29#29: gracefully shutting down
2024/08/04 11:26:04 [notice] 30#30: gracefully shutting down
2024/08/04 11:26:04 [notice] 31#31: gracefully shutting down
2024/08/04 11:26:04 [notice] 32#32: gracefully shutting down
2024/08/04 11:26:04 [notice] 33#33: gracefully shutting down
2024/08/04 11:26:04 [notice] 34#34: gracefully shutting down
2024/08/04 11:26:04 [notice] 35#35: gracefully shutting down
2024/08/04 11:26:04 [notice] 36#36: gracefully shutting down
2024/08/04 11:26:04 [notice] 29#29: exiting
2024/08/04 11:26:04 [notice] 30#30: exiting
2024/08/04 11:26:04 [notice] 31#31: exiting
2024/08/04 11:26:04 [notice] 32#32: exiting
2024/08/04 11:26:04 [notice] 33#33: exiting
2024/08/04 11:26:04 [notice] 34#34: exiting
2024/08/04 11:26:04 [notice] 35#35: exiting
2024/08/04 11:26:04 [notice] 36#36: exiting
2024/08/04 11:26:04 [notice] 29#29: exit
2024/08/04 11:26:04 [notice] 30#30: exit
2024/08/04 11:26:04 [notice] 31#31: exit
2024/08/04 11:26:04 [notice] 32#32: exit
2024/08/04 11:26:04 [notice] 33#33: exit
2024/08/04 11:26:04 [notice] 34#34: exit
2024/08/04 11:26:04 [notice] 35#35: exit
2024/08/04 11:26:04 [notice] 36#36: exit
2024/08/04 11:26:04 [notice] 1#1: signal 3 (SIGQUIT) received, shutting down
2024/08/04 11:26:05 [notice] 1#1: signal 17 (SIGCHLD) received from 32
2024/08/04 11:26:05 [notice] 1#1: worker process 30 exited with code 0
2024/08/04 11:26:05 [notice] 1#1: worker process 32 exited with code 0
2024/08/04 11:26:05 [notice] 1#1: signal 29 (SIGIO) received
2024/08/04 11:26:05 [notice] 1#1: signal 17 (SIGCHLD) received from 33
2024/08/04 11:26:05 [notice] 1#1: worker process 29 exited with code 0
2024/08/04 11:26:05 [notice] 1#1: worker process 31 exited with code 0
2024/08/04 11:26:05 [notice] 1#1: worker process 33 exited with code 0
2024/08/04 11:26:05 [notice] 1#1: worker process 36 exited with code 0
2024/08/04 11:26:05 [notice] 1#1: signal 29 (SIGIO) received
2024/08/04 11:26:05 [notice] 1#1: signal 17 (SIGCHLD) received from 31
2024/08/04 11:26:05 [notice] 1#1: signal 17 (SIGCHLD) received from 35
2024/08/04 11:26:05 [notice] 1#1: worker process 35 exited with code 0
2024/08/04 11:26:05 [notice] 1#1: signal 29 (SIGIO) received
2024/08/04 11:26:05 [notice] 1#1: signal 17 (SIGCHLD) received from 34
2024/08/04 11:26:05 [notice] 1#1: worker process 34 exited with code 0
2024/08/04 11:26:05 [notice] 1#1: exit
2024/08/04 11:27:01 [notice] 1#1: using the "epoll" event method
2024/08/04 11:27:01 [notice] 1#1: nginx/1.27.0
2024/08/04 11:27:01 [notice] 1#1: built by gcc 13.2.1 20231014 (Alpine 13.2.1_git20231014) 
2024/08/04 11:27:01 [notice] 1#1: OS: Linux 5.15.153.1-microsoft-standard-WSL2
2024/08/04 11:27:01 [notice] 1#1: getrlimit(RLIMIT_NOFILE): 1048576:1048576
2024/08/04 11:27:01 [notice] 1#1: start worker processes
2024/08/04 11:27:01 [notice] 1#1: start worker process 29
2024/08/04 11:27:01 [notice] 1#1: start worker process 30
2024/08/04 11:27:01 [notice] 1#1: start worker process 31
2024/08/04 11:27:01 [notice] 1#1: start worker process 32
2024/08/04 11:27:01 [notice] 1#1: start worker process 33
2024/08/04 11:27:01 [notice] 1#1: start worker process 34
2024/08/04 11:27:01 [notice] 1#1: start worker process 35
2024/08/04 11:27:01 [notice] 1#1: start worker process 36
2024/08/04 12:42:44 [notice] 1#1: signal 3 (SIGQUIT) received, shutting down
2024/08/04 12:42:44 [notice] 36#36: gracefully shutting down
2024/08/04 12:42:44 [notice] 35#35: gracefully shutting down
2024/08/04 12:42:44 [notice] 29#29: gracefully shutting down
2024/08/04 12:42:44 [notice] 30#30: gracefully shutting down
2024/08/04 12:42:44 [notice] 31#31: gracefully shutting down
2024/08/04 12:42:44 [notice] 32#32: gracefully shutting down
2024/08/04 12:42:44 [notice] 33#33: gracefully shutting down
2024/08/04 12:42:44 [notice] 34#34: gracefully shutting down
2024/08/04 12:42:44 [notice] 36#36: exiting
2024/08/04 12:42:44 [notice] 35#35: exiting
2024/08/04 12:42:44 [notice] 29#29: exiting
2024/08/04 12:42:44 [notice] 30#30: exiting
2024/08/04 12:42:44 [notice] 31#31: exiting
2024/08/04 12:42:44 [notice] 32#32: exiting
2024/08/04 12:42:44 [notice] 33#33: exiting
2024/08/04 12:42:44 [notice] 34#34: exiting
2024/08/04 12:42:44 [notice] 33#33: exit
2024/08/04 12:42:44 [notice] 36#36: exit
2024/08/04 12:42:44 [notice] 35#35: exit
2024/08/04 12:42:44 [notice] 29#29: exit
2024/08/04 12:42:44 [notice] 30#30: exit
2024/08/04 12:42:44 [notice] 31#31: exit
2024/08/04 12:42:44 [notice] 32#32: exit
2024/08/04 12:42:44 [notice] 34#34: exit
2024/08/04 12:42:44 [notice] 1#1: signal 17 (SIGCHLD) received from 36
2024/08/04 12:42:44 [notice] 1#1: worker process 31 exited with code 0
2024/08/04 12:42:44 [notice] 1#1: worker process 36 exited with code 0
2024/08/04 12:42:44 [notice] 1#1: signal 29 (SIGIO) received
2024/08/04 12:42:44 [notice] 1#1: signal 17 (SIGCHLD) received from 35
2024/08/04 12:42:44 [notice] 1#1: worker process 35 exited with code 0
2024/08/04 12:42:44 [notice] 1#1: signal 29 (SIGIO) received
2024/08/04 12:42:44 [notice] 1#1: signal 17 (SIGCHLD) received from 30
2024/08/04 12:42:44 [notice] 1#1: worker process 30 exited with code 0
2024/08/04 12:42:44 [notice] 1#1: signal 29 (SIGIO) received
2024/08/04 12:42:45 [notice] 1#1: signal 17 (SIGCHLD) received from 29
2024/08/04 12:42:45 [notice] 1#1: worker process 29 exited with code 0
2024/08/04 12:42:45 [notice] 1#1: worker process 32 exited with code 0
2024/08/04 12:42:45 [notice] 1#1: signal 29 (SIGIO) received
2024/08/04 12:42:45 [notice] 1#1: signal 17 (SIGCHLD) received from 34
2024/08/04 12:42:45 [notice] 1#1: worker process 33 exited with code 0
2024/08/04 12:42:45 [notice] 1#1: worker process 34 exited with code 0
2024/08/04 12:42:45 [notice] 1#1: exit
2024/08/04 12:53:55 [notice] 1#1: using the "epoll" event method
2024/08/04 12:53:55 [notice] 1#1: nginx/1.27.0
2024/08/04 12:53:55 [notice] 1#1: built by gcc 13.2.1 20231014 (Alpine 13.2.1_git20231014) 
2024/08/04 12:53:55 [notice] 1#1: OS: Linux 5.15.153.1-microsoft-standard-WSL2
2024/08/04 12:53:55 [notice] 1#1: getrlimit(RLIMIT_NOFILE): 1048576:1048576
2024/08/04 12:53:55 [notice] 1#1: start worker processes
2024/08/04 12:53:55 [notice] 1#1: start worker process 29
2024/08/04 12:53:55 [notice] 1#1: start worker process 30
2024/08/04 12:53:55 [notice] 1#1: start worker process 31
2024/08/04 12:53:55 [notice] 1#1: start worker process 32
2024/08/04 12:53:55 [notice] 1#1: start worker process 33
2024/08/04 12:53:55 [notice] 1#1: start worker process 34
2024/08/04 12:53:55 [notice] 1#1: start worker process 35
2024/08/04 12:53:55 [notice] 1#1: start worker process 36
2024/08/04 14:49:31 [notice] 1#1: signal 3 (SIGQUIT) received, shutting down
2024/08/04 14:49:31 [notice] 29#29: gracefully shutting down
2024/08/04 14:49:31 [notice] 31#31: gracefully shutting down
2024/08/04 14:49:31 [notice] 30#30: gracefully shutting down
2024/08/04 14:49:31 [notice] 30#30: exiting
2024/08/04 14:49:31 [notice] 32#32: gracefully shutting down
2024/08/04 14:49:31 [notice] 33#33: gracefully shutting down
2024/08/04 14:49:31 [notice] 34#34: gracefully shutting down
2024/08/04 14:49:31 [notice] 34#34: exiting
2024/08/04 14:49:31 [notice] 35#35: gracefully shutting down
2024/08/04 14:49:31 [notice] 36#36: gracefully shutting down
2024/08/04 14:49:31 [notice] 29#29: exiting
2024/08/04 14:49:31 [notice] 31#31: exiting
2024/08/04 14:49:31 [notice] 30#30: exit
2024/08/04 14:49:31 [notice] 32#32: exiting
2024/08/04 14:49:31 [notice] 33#33: exiting
2024/08/04 14:49:31 [notice] 34#34: exit
2024/08/04 14:49:31 [notice] 35#35: exiting
2024/08/04 14:49:31 [notice] 36#36: exiting
2024/08/04 14:49:31 [notice] 29#29: exit
2024/08/04 14:49:31 [notice] 31#31: exit
2024/08/04 14:49:31 [notice] 32#32: exit
2024/08/04 14:49:31 [notice] 33#33: exit
2024/08/04 14:49:31 [notice] 35#35: exit
2024/08/04 14:49:31 [notice] 36#36: exit
2024/08/04 14:49:31 [notice] 1#1: signal 17 (SIGCHLD) received from 32
2024/08/04 14:49:31 [notice] 1#1: worker process 32 exited with code 0
2024/08/04 14:49:31 [notice] 1#1: signal 29 (SIGIO) received
2024/08/04 14:49:31 [notice] 1#1: signal 17 (SIGCHLD) received from 35
2024/08/04 14:49:31 [notice] 1#1: worker process 29 exited with code 0
2024/08/04 14:49:31 [notice] 1#1: worker process 31 exited with code 0
2024/08/04 14:49:31 [notice] 1#1: worker process 33 exited with code 0
2024/08/04 14:49:31 [notice] 1#1: worker process 34 exited with code 0
2024/08/04 14:49:31 [notice] 1#1: worker process 35 exited with code 0
2024/08/04 14:49:31 [notice] 1#1: worker process 36 exited with code 0
2024/08/04 14:49:31 [notice] 1#1: signal 29 (SIGIO) received
2024/08/04 14:49:31 [notice] 1#1: signal 17 (SIGCHLD) received from 29
2024/08/04 14:49:31 [notice] 1#1: signal 17 (SIGCHLD) received from 30
2024/08/04 14:49:31 [notice] 1#1: worker process 30 exited with code 0
2024/08/04 14:49:31 [notice] 1#1: exit
2024/08/04 21:08:34 [notice] 1#1: using the "epoll" event method
2024/08/04 21:08:34 [notice] 1#1: nginx/1.27.0
2024/08/04 21:08:34 [notice] 1#1: built by gcc 13.2.1 20231014 (Alpine 13.2.1_git20231014) 
2024/08/04 21:08:34 [notice] 1#1: OS: Linux 5.15.153.1-microsoft-standard-WSL2
2024/08/04 21:08:34 [notice] 1#1: getrlimit(RLIMIT_NOFILE): 1048576:1048576
2024/08/04 21:08:34 [notice] 1#1: start worker processes
2024/08/04 21:08:34 [notice] 1#1: start worker process 29
2024/08/04 21:08:34 [notice] 1#1: start worker process 30
2024/08/04 21:08:34 [notice] 1#1: start worker process 31
2024/08/04 21:08:34 [notice] 1#1: start worker process 32
2024/08/04 21:08:34 [notice] 1#1: start worker process 33
2024/08/04 21:08:34 [notice] 1#1: start worker process 34
2024/08/04 21:08:34 [notice] 1#1: start worker process 35
2024/08/04 21:08:34 [notice] 1#1: start worker process 36
2024/08/05 09:23:41 [notice] 1#1: signal 3 (SIGQUIT) received, shutting down
2024/08/05 09:23:41 [notice] 29#29: gracefully shutting down
2024/08/05 09:23:41 [notice] 31#31: gracefully shutting down
2024/08/05 09:23:41 [notice] 31#31: exiting
2024/08/05 09:23:41 [notice] 32#32: gracefully shutting down
2024/08/05 09:23:41 [notice] 33#33: gracefully shutting down
2024/08/05 09:23:41 [notice] 34#34: gracefully shutting down
2024/08/05 09:23:41 [notice] 30#30: gracefully shutting down
2024/08/05 09:23:41 [notice] 35#35: gracefully shutting down
2024/08/05 09:23:41 [notice] 36#36: gracefully shutting down
2024/08/05 09:23:41 [notice] 29#29: exiting
2024/08/05 09:23:41 [notice] 31#31: exit
2024/08/05 09:23:41 [notice] 32#32: exiting
2024/08/05 09:23:41 [notice] 33#33: exiting
2024/08/05 09:23:41 [notice] 34#34: exiting
2024/08/05 09:23:41 [notice] 30#30: exiting
2024/08/05 09:23:41 [notice] 35#35: exiting
2024/08/05 09:23:41 [notice] 36#36: exiting
2024/08/05 09:23:41 [notice] 29#29: exit
2024/08/05 09:23:41 [notice] 32#32: exit
2024/08/05 09:23:41 [notice] 33#33: exit
2024/08/05 09:23:41 [notice] 34#34: exit
2024/08/05 09:23:41 [notice] 30#30: exit
2024/08/05 09:23:41 [notice] 35#35: exit
2024/08/05 09:23:41 [notice] 36#36: exit
2024/08/05 09:23:41 [notice] 1#1: signal 17 (SIGCHLD) received from 32
2024/08/05 09:23:41 [notice] 1#1: worker process 32 exited with code 0
2024/08/05 09:23:41 [notice] 1#1: signal 29 (SIGIO) received
2024/08/05 09:23:41 [notice] 1#1: signal 17 (SIGCHLD) received from 31
2024/08/05 09:23:41 [notice] 1#1: worker process 31 exited with code 0
2024/08/05 09:23:41 [notice] 1#1: signal 29 (SIGIO) received
2024/08/05 09:23:41 [notice] 1#1: signal 17 (SIGCHLD) received from 36
2024/08/05 09:23:41 [notice] 1#1: worker process 33 exited with code 0
2024/08/05 09:23:41 [notice] 1#1: worker process 36 exited with code 0
2024/08/05 09:23:41 [notice] 1#1: signal 29 (SIGIO) received
2024/08/05 09:23:41 [notice] 1#1: signal 17 (SIGCHLD) received from 29
2024/08/05 09:23:41 [notice] 1#1: worker process 29 exited with code 0
2024/08/05 09:23:41 [notice] 1#1: worker process 35 exited with code 0
2024/08/05 09:23:41 [notice] 1#1: signal 29 (SIGIO) received
2024/08/05 09:23:41 [notice] 1#1: signal 17 (SIGCHLD) received from 34
2024/08/05 09:23:41 [notice] 1#1: worker process 30 exited with code 0
2024/08/05 09:23:41 [notice] 1#1: worker process 34 exited with code 0
2024/08/05 09:23:41 [notice] 1#1: exit
2024/08/05 14:01:21 [notice] 1#1: using the "epoll" event method
2024/08/05 14:01:21 [notice] 1#1: nginx/1.27.0
2024/08/05 14:01:21 [notice] 1#1: built by gcc 13.2.1 20231014 (Alpine 13.2.1_git20231014) 
2024/08/05 14:01:21 [notice] 1#1: OS: Linux 5.15.153.1-microsoft-standard-WSL2
2024/08/05 14:01:21 [notice] 1#1: getrlimit(RLIMIT_NOFILE): 1048576:1048576
